<?xml version="1.0" encoding="UTF-8"?>
<testng-results ignored="0" total="2" passed="2" failed="0" skipped="0">
  <reporter-output>
  </reporter-output>
  <suite started-at="2024-02-29T19:20:33 IST" name="Default Suite" finished-at="2024-02-29T19:20:51 IST" duration-ms="18004">
    <groups>
    </groups>
    <test started-at="2024-02-29T19:20:33 IST" name="Selenium_practicing" finished-at="2024-02-29T19:20:51 IST" duration-ms="18004">
      <class name="Testng_Practice.TestClass1">
        <test-method is-config="true" signature="BeforeMethod()[pri:0, instance:Testng_Practice.TestClass1@52102734]" started-at="2024-02-29T19:20:33 IST" name="BeforeMethod" finished-at="2024-02-29T19:20:39 IST" duration-ms="6290" status="PASS">
          <reporter-output>
          </reporter-output>
        </test-method> <!-- BeforeMethod -->
        <test-method signature="testcase1()[pri:0, instance:Testng_Practice.TestClass1@52102734]" started-at="2024-02-29T19:20:39 IST" name="testcase1" finished-at="2024-02-29T19:20:39 IST" duration-ms="161" status="PASS">
          <reporter-output>
          </reporter-output>
        </test-method> <!-- testcase1 -->
        <test-method is-config="true" signature="AfterMethod()[pri:0, instance:Testng_Practice.TestClass1@52102734]" started-at="2024-02-29T19:20:39 IST" name="AfterMethod" finished-at="2024-02-29T19:20:39 IST" duration-ms="269" status="PASS">
          <reporter-output>
          </reporter-output>
        </test-method> <!-- AfterMethod -->
        <test-method is-config="true" signature="BeforeMethod()[pri:0, instance:Testng_Practice.TestClass1@52102734]" started-at="2024-02-29T19:20:39 IST" name="BeforeMethod" finished-at="2024-02-29T19:20:42 IST" duration-ms="2358" status="PASS">
          <reporter-output>
          </reporter-output>
        </test-method> <!-- BeforeMethod -->
        <test-method signature="testcase2()[pri:0, instance:Testng_Practice.TestClass1@52102734]" started-at="2024-02-29T19:20:42 IST" name="testcase2" finished-at="2024-02-29T19:20:50 IST" duration-ms="8549" status="PASS">
          <reporter-output>
          </reporter-output>
        </test-method> <!-- testcase2 -->
        <test-method is-config="true" signature="AfterMethod()[pri:0, instance:Testng_Practice.TestClass1@52102734]" started-at="2024-02-29T19:20:50 IST" name="AfterMethod" finished-at="2024-02-29T19:20:51 IST" duration-ms="278" status="PASS">
          <reporter-output>
          </reporter-output>
        </test-method> <!-- AfterMethod -->
      </class> <!-- Testng_Practice.TestClass1 -->
    </test> <!-- Selenium_practicing -->
  </suite> <!-- Default Suite -->
</testng-results>
